TN:
SF:src/app/sitemap.ts
FN:5,sitemap
FNF:1
FNH:0
FNDA:0,sitemap
DA:3,0
DA:5,0
DA:6,0
DA:7,0
LF:4
LH:0
BRF:0
BRH:0
end_of_record
TN:
SF:src/components/Header.tsx
FN:10,(anonymous_2)
FNF:1
FNH:1
FNDA:2,(anonymous_2)
DA:2,1
DA:10,2
LF:2
LH:2
BRF:0
BRH:0
end_of_record
TN:
SF:src/components/index.ts
FNF:0
FNH:0
DA:2,0
LF:1
LH:0
BRF:0
BRH:0
end_of_record
TN:
SF:src/utils/activities.ts
FNF:0
FNH:0
DA:4,2
LF:1
LH:1
BRF:0
BRH:0
end_of_record
TN:
SF:src/utils/formatters.ts
FN:3,(anonymous_4)
FN:12,(anonymous_5)
FN:25,(anonymous_6)
FNF:3
FNH:3
FNDA:4,(anonymous_4)
FNDA:4,(anonymous_5)
FNDA:4,(anonymous_6)
DA:3,4
DA:4,4
DA:5,4
DA:6,4
DA:7,3
DA:9,1
DA:12,4
DA:13,4
DA:15,1
DA:17,1
DA:19,1
DA:21,1
DA:25,4
DA:26,4
DA:28,1
DA:30,1
DA:32,1
DA:34,1
LF:18
LH:18
BRDA:6,0,0,3
BRDA:6,0,1,1
BRDA:7,1,0,1
BRDA:7,1,1,2
BRDA:13,2,0,1
BRDA:13,2,1,1
BRDA:13,2,2,1
BRDA:13,2,3,1
BRDA:26,3,0,1
BRDA:26,3,1,1
BRDA:26,3,2,1
BRDA:26,3,3,1
BRF:12
BRH:12
end_of_record
TN:
SF:src/utils/matching.ts
FN:5,(anonymous_1)
FN:6,(anonymous_2)
FN:11,(anonymous_3)
FN:58,(anonymous_4)
FNF:4
FNH:4
FNDA:2,(anonymous_1)
FNDA:60,(anonymous_2)
FNDA:126,(anonymous_3)
FNDA:185,(anonymous_4)
DA:3,1
DA:5,2
DA:6,2
DA:7,60
DA:8,60
DA:11,60
DA:12,126
DA:14,60
DA:15,9
DA:16,9
DA:20,60
DA:21,12
DA:22,12
DA:29,12
DA:33,60
DA:34,42
DA:35,42
DA:39,60
DA:40,60
DA:41,60
DA:42,42
DA:47,60
DA:51,60
DA:52,60
DA:55,60
DA:58,185
LF:26
LH:26
BRDA:14,0,0,9
BRDA:14,0,1,51
BRDA:20,1,0,12
BRDA:20,1,1,48
BRDA:33,2,0,42
BRDA:33,2,1,18
BRDA:39,3,0,60
BRDA:39,3,1,0
BRDA:41,4,0,42
BRDA:41,4,1,18
BRDA:47,5,0,60
BRDA:47,5,1,0
BRDA:48,6,0,60
BRDA:48,6,1,0
BRF:14
BRH:11
end_of_record
